{
  level: 'info',
  message: 'App running on port 4000',
  service: 'contract-service',
  timestamp: '2023-04-04T03:35:30.870Z'
}
{
  level: 'info',
  message: 'App running on port 4000',
  service: 'contract-service',
  timestamp: '2023-04-04T03:35:55.622Z'
}
{
  level: 'info',
  message: 'App running on port 4000',
  service: 'contract-service',
  timestamp: '2023-04-04T03:36:33.909Z'
}
{
  level: 'info',
  message: 'App running on port 4000',
  service: 'contract-service',
  timestamp: '2023-04-04T03:37:18.338Z'
}
{
  level: 'info',
  message: 'App running on port 4000',
  service: 'contract-service',
  timestamp: '2023-04-04T03:37:44.916Z'
}
{
  level: 'info',
  message: 'App running on port 4000',
  service: 'contract-service',
  timestamp: '2023-04-04T03:38:05.431Z'
}
{
  level: 'info',
  message: 'App running on port 4000',
  service: 'contract-service',
  timestamp: '2023-04-04T03:38:41.192Z'
}
